0001,0.045488964502497724
2959,0.022419897953542024
2419,0.01636292968385696
0842,0.011908239006906967
0162,0.009779616782851702
1353,0.008689865339623378
1132,0.005059954817937475
0721,0.004065043277567344
1103,0.0038896382680912445
2142,0.003879636154628163
0529,0.0038072180906569037
0198,0.003783138066089712
2928,0.0028264204270179393
2051,0.002596677671557894
1052,0.0024948194391592226
0694,0.0024446131077981437
1855,0.0023304646964219227
0956,0.0019976858857497946
1958,0.0019810812964771198
1845,0.0019303957227366532
2363,0.0019102443450718985
1863,0.0019023169673467956
2169,0.0017926811440836157
2494,0.0017291643974484544
1923,0.0017081307872374503
2832,0.0016845357737345593
0620,0.0016679992976837393
1670,0.0016500631876078648
0539,0.0016487052256232326
2913,0.0016145203487208707
1980,0.001587667652358212
0247,0.0015817906368415214
2194,0.0015404245003115065
0023,0.0015397054548274068
1594,0.0015233542972758812
2069,0.0014153141061232324
0229,0.0013976738675900487
2036,0.0013867337471275627
1098,0.0013741833556115627
1280,0.0013705335700221729
1274,0.0013669323171472754
2288,0.0013627018240591757
1335,0.0013453987758501257
1927,0.0013373799225310597
0325,0.0013244182029195533
1792,0.0012860719008076994
0496,0.0012624687060382588
1255,0.001260594215895307
1627,0.0012545683808174296
0286,0.0012100918795712435
0789,0.0012070724747580777
0353,0.001181190204834666
1038,0.0011663272194252618
0033,0.0011638019561776036
2304,0.0011497152963432635
0759,0.0011253433832215333
1262,0.001119861002447293
0185,0.001113342744754981
2331,0.0010967449499898131
2453,0.00109196247450193
0521,0.0010839104006016929
0512,0.0010597596060900201
2106,0.0010516707029952401
1897,0.001051568875582509
0268,0.0010417971058082564
3067,0.001039182887009038
1251,0.0010299341333539407
0329,0.0009969246090284815
1915,0.00099433354183175
0114,0.000987935534794192
0441,0.0009836708544422028
0894,0.0009712832888144301
0394,0.0009675456109803429
2102,0.0009650105306959544
1056,0.0009649526061672226
1156,0.0009594873331524753
2886,0.0009482631356014886
0043,0.0009435215036679892
2149,0.0009420205836131822
0169,0.0009355475158540649
2275,0.0009277970646633606
1364,0.0009219825819977347
2861,0.0009206685787888008
0010,0.0009087969279055593
2761,0.0009076525473391202
1290,0.0009024883511965194
0594,0.0008998411396446794
0941,0.000890264259125933
1209,0.0008827442387963308
2689,0.0008826731022175905
1957,0.0008826286227141312
0494,0.0008806020490713112
2184,0.0008804674899901192
1172,0.0008768469752646801
0168,0.0008749391614654826
1012,0.0008706071826297068
0884,0.0008687506271510461
2505,0.0008618770862971518
1350,0.0008560844164437671
3039,0.0008492027292783899
2207,0.0008480351314565949
0995,0.0008458192113826757
2378,0.0008440201811936624
1793,0.0008387518931713245
1072,0.0008373082908466928
2075,0.0008349899965345713
1316,0.0008266678609502862
1721,0.000826067237841929
1720,0.0008246267330305094
2799,0.0008235201010841269
1853,0.0008151440802503789
1488,0.0008027338906380326
0112,0.000801458398409151
3053,0.0007989510339094755
0332,0.0007902977776498548
0530,0.0007901866388509654
2225,0.0007884414776765498
2320,0.0007872947582259203
0406,0.0007863283938730104
1485,0.0007854058164092377
1593,0.0007784250160425921
0616,0.0007738679729084288
2211,0.0007671792943315663
0090,0.0007668884522373983
0389,0.0007631568363055193
0499,0.0007589428234703693
0449,0.0007576998718617165
1744,0.0007534280861243926
0700,0.0007453060764685009
1226,0.0007451193979332844
0252,0.0007425576978711191
2885,0.0007422332752699956
0381,0.0007406202046662528
2278,0.0007328121998806974
1524,0.00073241871320067
3084,0.0007294513498371312
1258,0.0007294143283418351
0875,0.0007286633655957351
1833,0.0007265955442460094
0740,0.0007245887815850098
0006,0.0007171054115229698
2067,0.0007122917645792904
2478,0.0007118843091892977
2159,0.0007101921689110645
2341,0.0007100095428873087
2005,0.0007033126822370316
0950,0.0007032001349024869
0121,0.0007030796606052373
1630,0.0007005383674189566
1879,0.000699825052461785
1327,0.0006998058394364234
2850,0.000699634758304657
1252,0.0006940324349708637
1211,0.000693818271785774
1565,0.0006917330049790819
3035,0.000690243324925155
1554,0.0006894661546296444
3028,0.0006882427447510508
1379,0.0006879170033712549
1950,0.000687699879004057
1451,0.000685577127205731
1588,0.0006855454691755061
1393,0.0006855361292868016
3005,0.0006854278708181451
2420,0.0006847808272048522
1016,0.0006823524322718979
1539,0.0006771408263691001
1257,0.0006758807825143114
1493,0.0006756172479588066
2145,0.0006713986571140548
1910,0.0006692701937788894
1671,0.0006668696074145951
2997,0.0006651612519776365
0623,0.0006648796568075
1981,0.0006646049242015181
0337,0.0006591195530915936
0863,0.0006563643603717434
0031,0.0006560725888351315
0919,0.0006559671153257717
2095,0.0006556597196588689
2887,0.000654820758225523
0572,0.0006545357891109001
0644,0.0006543096813028677
1926,0.000652925872818989
0029,0.0006524049266979524
2619,0.0006454287706588714
2144,0.000641685916321167
2061,0.000641307647378932
1931,0.0006410526112624344
2291,0.0006395871247886453
0279,0.000638083754304112
2758,0.0006332381346413931
2141,0.0006329589518814602
1309,0.0006310321883852375
2562,0.0006297631886912967
1683,0.0006295738811015083
2632,0.0006277062715091767
2239,0.000627158702167175
0392,0.0006264400177705955
0270,0.0006260996918735175
0619,0.0006223004344098182
0220,0.0006209825717299331
2438,0.0006201848551426884
0285,0.0006199919677962232
1731,0.000618654766698517
0099,0.0006165920478397093
1883,0.0006146658867758291
1392,0.0006144067298728234
2328,0.0006124734719948335
1065,0.0006105624365003551
2770,0.0006085971584318948
1985,0.0006085902506323686
2240,0.0006077569101411131
1876,0.0006070126369529505
0115,0.0006040696876924637
3014,0.000600433971766876
1370,0.0005986143149415345
2892,0.0005975452265138329
2976,0.0005963881743087538
1457,0.0005962098611280808
0183,0.0005943779618260412
0643,0.0005929509659930104
1988,0.0005888321131035613
0725,0.0005887006160076819
0080,0.0005883520006898939
2241,0.0005882186971221128
2307,0.0005852298685350635
2321,0.0005845176551789105
2591,0.0005813288806617402
1688,0.000580822408789657
0773,0.0005808068919413749
0470,0.000578626026796322
0467,0.0005782494636561482
1872,0.0005767599005358339
0133,0.0005738710257532658
3038,0.0005736803056102441
1051,0.000573318868561814
0490,0.0005723741310850908
1896,0.0005698903811247946
2316,0.000565204246936379
2625,0.0005623315760116601
1708,0.0005584422814251356
0243,0.0005580329962629601
0238,0.0005574155032708681
2246,0.0005558855653382296
0744,0.0005558839628944107
3101,0.0005556539180020699
0573,0.0005547376381230821
2780,0.0005546494872146736
0501,0.0005545874869353068
2470,0.0005540373515022046
1615,0.0005534252523455296
0657,0.0005522477369164207
1302,0.0005512739009038417
1235,0.0005501340490219801
0297,0.0005472271882735669
0602,0.0005453832431552619
1323,0.0005448052851221237
0864,0.0005442230045950105
1974,0.0005434615214785
1520,0.0005426821871270236
0547,0.0005422972730351926
1774,0.000541410000740643
1797,0.0005389920126314258
1505,0.0005388694765382824
0460,0.000538831106108005
2762,0.0005377526161955892
1811,0.0005377418433318524
1082,0.0005373442265289039
3057,0.0005347032204793641
1000,0.0005341883622447612
1535,0.0005339605014829977
0274,0.0005312327278610211
0181,0.000530709167977999
2500,0.0005304885619338652
0911,0.0005275984930568235
2793,0.0005244426473195564
1069,0.000524170443736247
3074,0.0005237800480453279
1413,0.0005203420935466123
1144,0.0005183424231676556
0347,0.0005182639705269402
2905,0.0005175292524840674
0630,0.0005157001003339138
0098,0.0005144625420079223
1666,0.0005143576032432417
1174,0.0005137216505542583
2006,0.0005130052534372411
2943,0.0005127877617426468
2676,0.0005126179303016424
2640,0.0005109388295012159
2709,0.000510576503630907
2784,0.0005094761267228942
0907,0.0005083269874972001
2068,0.00050801804551204
1803,0.0005079033120591906
0004,0.0005078924946927839
0566,0.0005075285306304299
0528,0.0005067188795068339
2311,0.0005066683075108048
2475,0.0005060786180683454
0052,0.0005056197365819321
3021,0.0005055367970604471
1714,0.0005037187165519518
0807,0.000503176560933947
1766,0.0005027699607252128
0097,0.0005023123571711784
2401,0.0005021402294656455
1291,0.0005018615793032508
1019,0.000501823292180225
2257,0.0005011641925120259
1471,0.0005007374162460255
0212,0.0005006799092701989
2217,0.0005001324873674836
1380,0.0004988440219981512
2734,0.0004986132925159053
2692,0.0004985165154373055
2315,0.0004978592996333095
0278,0.0004968139394614797
1768,0.0004954756844239428
2939,0.0004942401081292299
2704,0.0004939447184830097
0202,0.0004929117275141615
0908,0.0004928550313890657
2891,0.0004918922141137151
2008,0.000490290948679026
2273,0.0004865019135587441
0497,0.00048560434988047653
1722,0.0004826419684442112
1385,0.00048236592214118276
2740,0.0004816001479326493
0223,0.0004815202692839542
1785,0.00048106107730438004
2289,0.00048077208969305195
0656,0.00047932903191358963
1106,0.000477682589249694
2508,0.00047557598944449964
0495,0.00047233874107352193
3126,0.0004712962563415908
2413,0.00047062451219377855
2833,0.00046943873276921854
0777,0.00046880620790870143
2842,0.0004681972745807356
0373,0.0004673161284189248
0160,0.0004672650712436453
2830,0.0004668136267196633
2086,0.0004666363474964482
1947,0.00046650783708850275
2518,0.00046619426414270057
2684,0.00046544880560187696
2497,0.00046431823171203283
2877,0.0004634226978101339
2043,0.0004632737225031785
0649,0.00046104351604714486
1884,0.0004606805706189305
2998,0.0004606297272586728
0634,0.0004601124106938748
1780,0.0004599673491627366
2587,0.00045887097532553583
1424,0.0004574197986964667
0315,0.00045599837591436755
3104,0.00045589832950482755
1525,0.00045408477455704665
0100,0.0004537608171075244
1586,0.0004521790153630655
0780,0.0004518814299255298
0327,0.0004504948952442115
3003,0.0004498320118476563
0658,0.0004488886416921336
2600,0.00044881307348555033
0881,0.0004478190107165538
1563,0.00044751564515287145
2523,0.00044744869856921157
0685,0.00044627225348131184
0843,0.00044609801436174115
2982,0.0004458867681801184
2100,0.00044556388180218005
0697,0.00044456474282241447
1001,0.0004445639082180063
2718,0.0004442091908177424
2066,0.00044370146234965207
1746,0.00044367986660679527
2176,0.00044343501151360506
2916,0.0004431371746314716
0638,0.000443107362709901
3012,0.00044239272814004495
1363,0.0004421872815201253
0003,0.00044144535129793074
2351,0.0004411088976209829
2230,0.00044039286579767195
2462,0.0004403595403402765
1367,0.0004399453768363849
0646,0.0004395200917143114
2114,0.0004388586321662736
2592,0.00043873541417430834
3006,0.00043855711477467973
0498,0.00043806622668054963
0531,0.00043785973272632723
0088,0.0004377744803128987
0191,0.00043750937137524077
2469,0.0004374778969273036
2361,0.0004372899552330711
1693,0.00043709283871405213
1230,0.000436936213100239
1608,0.00043647723953883316
2727,0.00043640588574730326
1426,0.00043607156398273075
0386,0.00043596894062680996
0059,0.0004355332889012878
0482,0.00043512019965357096
0696,0.0004350379034467542
1804,0.0004348302486117771
1161,0.00043477252747957254
1580,0.0004345425113573642
1559,0.00043392494781540675
2398,0.00043275089226389664
2222,0.00043261868073610633
0075,0.00043221407025751963
0586,0.00043195501202451586
2186,0.0004319508242512127
0554,0.00043174184033823744
1347,0.0004315413997349881
2375,0.0004314811452848094
1715,0.00043131397117968193
0681,0.0004312770735170094
0506,0.0004312258542990249
2283,0.00043087378566627945
2452,0.0004301219363289661
2364,0.00043005794511835464
0273,0.00042959869167988194
2268,0.00042939717048667733
1183,0.000429334962184879
1747,0.00042751870243206775
1687,0.0004262538674034823
0249,0.0004257903990373239
0078,0.0004250027951602087
2415,0.00042468200755633925
1645,0.0004243938939352755
2623,0.0004237501337169115
0081,0.00042340453269483583
2409,0.0004233714491008578
0550,0.0004231074668241372
0920,0.0004230258019590572
2002,0.0004226721404322907
0393,0.0004225872710080669
2232,0.0004222365332716153
0227,0.00042165761424270784
2131,0.00042101846644051956
1790,0.00041982664400220973
0105,0.0004193706176404022
0517,0.0004192777601711562
1821,0.00041857133940201156
1712,0.000418261972693776
0073,0.0004176499069666904
0207,0.00041749859556173153
2922,0.0004172193522117752
2139,0.00041683114368970845
0076,0.00041630709450349995
2525,0.00041600131887024893
2896,0.0004159712596868779
0706,0.00041522260483259853
0107,0.0004142639341692169
0284,0.000413929922656818
0331,0.0004138129005563561
1521,0.00041339605259726325
0217,0.00041312140468452175
2811,0.0004131102649913615
2578,0.00041297082590372765
0342,0.0004120646312279157
0024,0.00041137553828629543
0702,0.00041133203919254194
1701,0.00041097892864981107
2763,0.0004105982286817824
1514,0.0004100601672600486
1738,0.0004100155481810484
0161,0.00040913582610882727
0450,0.0004084167206938164
0955,0.00040830250518825097
1332,0.00040803569599870355
2946,0.00040793077888893613
0294,0.0004070454950709712
2973,0.0004066270339151721
1583,0.0004062907959251258
1008,0.00040452606350543344
0085,0.00040425980605462774
2360,0.0004034448804966117
1213,0.0004030137816521551
0551,0.00040238423693594313
1099,0.0004019673420704968
0399,0.0004019298036562843
3121,0.0004018121090657112
0066,0.000401624945208649
0158,0.0004015524571624214
0351,0.0004013643984691096
0055,0.00040134812861789904
1602,0.0004012268137346194
1194,0.0004007085853535001
1422,0.0004001356800301454
0990,0.00039975528737334453
0119,0.0003994022933901504
0054,0.0003993909949669232
2150,0.00039939054113273574
2395,0.00039921633455130526
1074,0.00039887124456503486
1118,0.00039854533037494603
1054,0.00039848748544848284
0815,0.0003984578559977791
1903,0.00039844509259782463
1832,0.00039825673346856035
1663,0.00039701602033970223
1079,0.00039698515098214875
3089,0.0003968750240842845
2302,0.00039647246971661763
1515,0.0003960052948077266
2690,0.00039584003149519903
0838,0.0003957303496930183
1558,0.00039567911978485295
1660,0.0003954272603091826
0562,0.00039536199016181305
1148,0.00039525209299016983
1342,0.0003952186579515559
1366,0.000395208242457758
2590,0.0003951158547790363
1733,0.0003945242299105157
0022,0.00039450116220216686
1176,0.0003939132902442806
1577,0.0003937562351679292
0472,0.0003936764807416924
2745,0.000393525150220331
1182,0.000393081714713773
1307,0.0003929818239069844
1751,0.00039271368683361455
1860,0.0003926956459454972
2995,0.00039260495838340124
2970,0.00039209142801142904
1823,0.0003918478921626426
1334,0.0003916390802433201
0206,0.0003916029806703358
2224,0.0003914424026073968
2950,0.0003909433467240485
2465,0.00039082020411804945
1798,0.0003906572589702609
0500,0.00039010190461521955
0724,0.0003895927534172978
1771,0.0003895440577878921
1992,0.00038953061049983733
0583,0.0003894355879510374
0846,0.0003891033012989509
0926,0.0003889593767514753
0862,0.0003889511154713929
0723,0.00038859020234703997
1769,0.00038855325065172646
3110,0.00038840891173963363
0452,0.0003882661917484182
2514,0.0003882214746232584
0866,0.00038775731099431566
1806,0.0003877178043132083
1458,0.00038766279591656707
0861,0.00038753407289605164
0546,0.0003874005042534966
2329,0.00038700320040495556
0458,0.0003868138038863784
2917,0.0003866724211320854
2782,0.000386347361572207
1599,0.000386347361572207
2334,0.000386347361572207
1652,0.000386347361572207
1796,0.0003858405345306013
2695,0.0003857579683414243
2004,0.000385608400221244
0549,0.00038545204167638505
1298,0.0003853154655173656
1419,0.0003850751405753804
2725,0.00038486595913861664
0507,0.0003845211497664419
2730,0.000384154740280595
2152,0.00038364172366884045
0914,0.00038364172366884045
0764,0.0003833182709690281
0151,0.0003828576864016879
2713,0.0003827031285308013
1913,0.000382620164576539
1516,0.0003822543333711703
0797,0.0003816709538886946
2306,0.00038157027347656124
2179,0.00038147627064121116
2091,0.00038127749754367576
2555,0.0003804162033220988
1930,0.00038023403317041896
1945,0.0003800353768058241
3103,0.0003800258323712098
0770,0.00037999503424811346
2285,0.0003792947917097108
2191,0.0003792645803331208
1067,0.00037885182225715265
1772,0.00037861175944378065
2696,0.00037861175944378065
1963,0.00037861175944378065
2789,0.00037854104919917916
1620,0.00037840133834282153
0678,0.00037812387992299873
1107,0.00037803033220513727
2823,0.00037794721241032593
0070,0.0003767615076161709
1412,0.0003765397774826158
2582,0.00037613929537752273
2930,0.00037605878385457676
1699,0.00037529309221034804
2937,0.0003745935652336141
0317,0.0003743659872534543
2650,0.00037418535366654583
2342,0.00037363239538307675
2517,0.0003736299849661601
0738,0.00037339095376802867
0680,0.0003732617603034717
1261,0.0003732247705184253
3047,0.0003729730950240213
0171,0.0003728482024722214
0828,0.0003727866407874081
2710,0.0003720843141313169
1685,0.0003720363411138805
1432,0.0003717768169000652
0150,0.00037175285556752214
2611,0.00037161360938328745
3025,0.0003713352897902094
2548,0.0003713352897902094
2519,0.0003713352897902094
1885,0.0003711880153227549
1057,0.0003711674703752661
2247,0.0003710417301187064
2154,0.00037076020829268413
0314,0.00037033978816953454
1934,0.00037013254857646953
2932,0.0003697719532255809
2516,0.00036968732315732143
0277,0.00036950435048932473
0778,0.0003692927006990428
0944,0.0003691168224124094
0992,0.00036909977446158716
0686,0.0003690501726491944
1416,0.00036868067414350635
1100,0.0003686404892329979
2643,0.000368417759796039
0859,0.00036831169502455057
2672,0.0003681148788131016
2125,0.00036798524650097494
0065,0.00036768117921732476
0893,0.00036716709753144863
0188,0.00036713483600747513
1736,0.0003671125680528097
0766,0.00036698308928257843
0632,0.0003665831478340941
2635,0.00036637250018639665
0262,0.00036620384538697364
2683,0.0003659811425545183
1486,0.0003654769649811121
2164,0.00036528219740688037
2894,0.0003651849356878799
1899,0.0003648658870244035
1723,0.00036447359562914863
2984,0.00036436820013158384
2168,0.00036435849454941987
2248,0.0003634805340417852
1286,0.0003631463518439525
1567,0.00036277983342042336
2205,0.0003625361672838847
0123,0.0003624465238261742
2220,0.00036223785998220194
1836,0.0003619528354678852
1186,0.0003613104783591682
2869,0.0003608514847100609
0142,0.0003607359836929165
0369,0.00036062319680984074
0307,0.00036052440190483757
2032,0.00036003573539296937
1508,0.0003598545805543883
1139,0.0003594056667752299
0615,0.0003593160090445986
2988,0.0003592377569774785
2538,0.0003587830628463886
2596,0.0003587830628463886
2834,0.0003587830628463886
0255,0.0003578533956096138
1273,0.00035745687984671163
0346,0.000357436611732376
1292,0.00035692187497704693
0798,0.0003568194308849647
2576,0.0003567999086770234
1589,0.000356740578632901
1423,0.0003563071886589496
0350,0.00035597109561196036
2007,0.0003559658754165521
2694,0.00035578718411226855
0785,0.0003555567552790098
0514,0.00035553340080024
1018,0.00035516894518940054
2406,0.0003547492212964416
0913,0.0003542637531678162
2208,0.000354177041958764
0330,0.0003540412993163446
0461,0.0003540063258320659
1109,0.00035334198348236745
0761,0.00035323332530065013
1247,0.00035319209412793445
1301,0.00035283017769578365
0008,0.00035273768095874875
0210,0.00035262596759393213
2384,0.00035239468381316827
0704,0.00035205946790935785
0101,0.00035205946790935785
1917,0.0003520097103184831
1938,0.00035194050964754473
1694,0.0003518517899635243
0705,0.00035171837735945016
0627,0.00035094229900248036
2535,0.00035057768707456996
0378,0.00035054895098844165
3042,0.00035044162092238767
1556,0.00035018470478756513
0387,0.00035018470478756513
2890,0.00035018470478756513
1383,0.00035018470478756513
0404,0.00035018470478756513
2967,0.00035018470478756513
2374,0.00035018470478756513
2339,0.00035017824851504197
0451,0.0003499185377152669
0410,0.0003499127906555989
0200,0.0003498922923075703
0730,0.0003498907995671862
1204,0.00034978306674095
1553,0.0003494428114200771
1922,0.00034902353781709393
1168,0.0003489976332297622
1336,0.00034879226391277066
1498,0.00034859077848589345
0011,0.00034848841966670085
1759,0.0003483441813560664
2366,0.00034828097822366805
0792,0.0003482434845984958
0558,0.00034809045582172553
1929,0.0003480801110976097
1629,0.0003479969043008967
0567,0.000347803742152906
2385,0.0003477889208768285
0860,0.00034774593608588844
1405,0.00034769186390836007
1606,0.0003476708655567442
2312,0.00034759484863684765
2743,0.0003475320368305804
1420,0.0003475143396677088
1312,0.0003475143396677088
2062,0.00034730861744046947
1709,0.00034700928856909056
0670,0.00034685379540031543
0127,0.0003467163636252426
0652,0.00034591080883970913
2817,0.00034585261840332476
2583,0.0003456584369680617
0877,0.00034537555491549407
2549,0.0003453741187280577
1279,0.0003450131138832977
1222,0.00034461134357870415
1611,0.00034433597278163273
1319,0.00034403805359072275
2323,0.00034370902778874465
1603,0.0003436203645659879
2573,0.0003436203645659879
0577,0.0003436058898166438
1625,0.0003428210894557701
0341,0.00034272883626747887
2272,0.00034248595462838677
1311,0.00034215748546171537
1049,0.0003420214194341755
3034,0.0003417551971709916
1755,0.0003416901640844438
1338,0.0003415869690671128
2472,0.0003412217242162364
0486,0.00034120088665735897
2559,0.000341051964478496
2473,0.0003405789698352222
0813,0.000340078977725469
0855,0.0003397747316855194
1877,0.0003397262781246177
2986,0.0003396682351510363
0968,0.0003395775926904287
1325,0.00033938181576567293
3036,0.00033937380003073173
1149,0.0003388164556561014
1893,0.0003387368731893343
1871,0.0003386505715616727
0028,0.0003386397500363842
1997,0.0003386330792940373
2355,0.0003385795190749479
0483,0.0003385114456152346
0379,0.0003384327608959748
2899,0.00033840030165737387
2195,0.0003383423253030594
1601,0.0003382363163927554
1376,0.0003375641749977669
1544,0.0003374663086345372
2812,0.0003371465747928777
1440,0.0003371465747928777
0382,0.00033712368866536024
1791,0.00033626509287246713
1618,0.0003362386866346518
2778,0.00033572422133879964
2616,0.00033554664766451256
1651,0.00033554664766451256
1572,0.0003354350636216642
0707,0.0003352970424337304
0069,0.0003352670340080411
2140,0.000335233033531668
1704,0.00033505807501068197
0805,0.0003350163963782952
0478,0.0003349414513642452
2938,0.00033481084524477364
1978,0.0003347407213485385
3058,0.00033446283107373663
1993,0.0003341961413921294
2742,0.000333860725780774
1971,0.0003336840373341352
1004,0.00033355570802259376
1410,0.0003335509801081868
1193,0.0003334879215440436
0929,0.00033332714589590843
0578,0.00033329935383590725
0621,0.00033321397375832556
1029,0.00033308984407746483
2994,0.00033276078728855854
1949,0.000332656415763158
0571,0.00033261187988604534
2840,0.0003325745162941978
2123,0.0003324469296745029
0534,0.00033241196565461233
2346,0.0003322317755718843
1585,0.00033220013397998753
1060,0.00033205544399997805
1205,0.0003319761396358246
0366,0.0003318517420152792
1788,0.0003318117702500837
1014,0.0003318117702500837
2039,0.0003317786018165511
1208,0.00033152654140045584
2956,0.0003313159952654859
0508,0.00033127272984427244
0334,0.00033124906869185205
1087,0.0003311228080852147
1425,0.0003309064277635735
0300,0.0003306432123015941
1046,0.00033061633572677103
2426,0.0003305390700111207
0007,0.00033052276566871396
2824,0.0003305059375583558
2947,0.00033034727734895114
3109,0.00033027980762811787
1402,0.00033000261211549244
2807,0.0003299569881092118
0889,0.0003298140632039634
1159,0.00032960407735743957
2400,0.0003295321903311633
2736,0.0003294730945037152
1083,0.00032942001758757346
0155,0.00032934803182867834
0344,0.0003290272034102954
3124,0.00032891342813004965
2615,0.00032869152453084485
2918,0.0003286856111987766
2732,0.0003286561190739179
2646,0.0003280400125735677
3105,0.00032764791348414475
0091,0.00032764671062463933
1238,0.0003275942928293596
1801,0.0003275078971045628
2387,0.0003272557109395381
0197,0.00032710412864330157
2863,0.00032689080409122246
1500,0.00032688145831234224
1245,0.00032688145831234224
3076,0.00032688145831234224
1296,0.00032688145831234224
2444,0.00032688145831234224
0872,0.00032688145831234224
1320,0.00032688145831234224
1373,0.00032688145831234224
0757,0.00032688145831234224
2391,0.00032688145831234224
0629,0.00032688145831234224
1560,0.00032688145831234224
1816,0.00032688145831234224
2011,0.00032688145831234224
0374,0.00032688145831234224
0282,0.00032688145831234224
0608,0.00032688145831234224
1308,0.00032688145831234224
0659,0.00032688145831234224
2678,0.00032688145831234224
0079,0.00032688145831234224
2118,0.00032688145831234224
0275,0.00032688145831234224
2759,0.00032688145831234224
0058,0.00032688145831234224
2961,0.00032688145831234224
2775,0.00032688145831234224
0205,0.00032688145831234224
2515,0.00032688145831234224
1966,0.00032688145831234224
0056,0.00032688145831234224
2991,0.00032688145831234224
1501,0.00032688145831234224
1418,0.00032688145831234224
2554,0.00032688145831234224
2120,0.00032688145831234224
2557,0.0003265081003021784
2912,0.00032642178281880985
1616,0.00032621186799059506
1293,0.00032618680123894673
1575,0.00032615555154319014
0650,0.0003259357705851436
2105,0.0003258855735257251
2264,0.0003258855735257251
0146,0.0003258467717023214
2060,0.00032541233932064945
0266,0.0003251908045414923
0064,0.0003249018638334137
2628,0.00032466778914404227
2634,0.0003245564013293674
2038,0.000324236176743446
2898,0.00032394669258555605
0063,0.00032383781698371467
2073,0.00032356550148192857
2893,0.0003235520539717168
0607,0.000323505483765153
3000,0.0003228505217969528
2111,0.0003228456315664231
2924,0.0003220763475843644
2262,0.00032147983516369314
3118,0.0003213466214212583
0218,0.000321254024868928
1445,0.00032117118998810487
0543,0.00032105329445992917
2651,0.00032102690264470965
1807,0.0003209267298822213
0165,0.0003207282655551718
1952,0.00032046792132356297
0431,0.000320402557745177
1244,0.0003202611129852041
2484,0.0003201228610287349
0799,0.0003200861859599969
1228,0.000320051978451673
2779,0.0003198909875008938
2852,0.0003196637646559436
2934,0.0003196627669364877
0397,0.00031913830745467924
0132,0.00031883332170341
0751,0.0003188265549823714
0946,0.0003187679377416976
1317,0.0003186119383639143
3096,0.0003185449987454878
0754,0.00031832349914883226
0074,0.00031813504498544965
1895,0.00031799637981082534
1490,0.0003175367057804928
2124,0.00031752767982568713
1375,0.0003173401464599035
0847,0.0003173401464599035
2731,0.0003173401464599035
2796,0.0003173401464599035
1582,0.0003173401464599035
2295,0.0003173401464599035
0726,0.0003173401464599035
2035,0.0003173401464599035
2935,0.0003173401464599035
0874,0.0003173401464599035
0186,0.0003173401464599035
0548,0.0003173401464599035
1764,0.0003173401464599035
0035,0.0003173401464599035
0226,0.0003173401464599035
1075,0.0003173401464599035
0087,0.0003173401464599035
1062,0.0003173401464599035
2992,0.0003173401464599035
2618,0.0003173401464599035
2622,0.0003173401464599035
1568,0.0003173401464599035
1289,0.0003173401464599035
0525,0.0003173401464599035
1264,0.0003173401464599035
1870,0.0003173401464599035
2390,0.0003173401464599035
0443,0.0003173401464599035
1395,0.0003173401464599035
2827,0.0003173401464599035
1813,0.0003173401464599035
1330,0.0003173401464599035
2698,0.0003173401464599035
0303,0.0003173401464599035
1348,0.0003173401464599035
0739,0.0003173401464599035
2513,0.0003173401464599035
2336,0.0003173401464599035
1499,0.0003173401464599035
2474,0.0003173401464599035
2055,0.00031694603365983097
1573,0.000316936642927514
2771,0.00031669901092619656
1354,0.0003166605926982956
0978,0.0003151901932711068
1212,0.00031502939295009465
2803,0.0003150025907187913
0900,0.000314959449062884
2368,0.00031493652803148023
2463,0.0003148816912689486
2251,0.00031442593655394113
1306,0.0003143957142956869
1757,0.000314049607451022
0250,0.0003133554842089014
2722,0.0003133096522691394
0426,0.0003132266077458708
0345,0.000313186422180529
2851,0.0003131269082407957
2300,0.00031262374264649355
0779,0.000312611119607889
2872,0.0003125988331942917
0221,0.0003122839685865599
1459,0.0003122787424072797
2952,0.00031138317556164577
2028,0.00031129571737477726
1511,0.00031116130455775105
1165,0.0003110640758463817
2980,0.00031048208823383647
2162,0.00031047436340883626
2958,0.00031032660448479196
0473,0.00031001187386510236
2963,0.0003097504082928661
2875,0.00030901922953169135
1604,0.00030900456969890875
0892,0.00030877919123323776
2434,0.0003087493346469478
0912,0.0003086434186003192
2876,0.0003086434186003192
1436,0.00030858288687900194
2765,0.00030850492736693143
0364,0.00030850381589781655
0854,0.00030850381589781655
0044,0.000308277484798342
2747,0.0003082566873755003
2603,0.00030825446820660683
1891,0.0003082224206538271
0930,0.0003080791654502585
0464,0.0003080572518879087
0388,0.0003079805168174001
2621,0.0003077101753099423
2495,0.0003076681901779287
2585,0.0003074192800986654
2921,0.0003073693438947957
0850,0.00030731681223291084
2178,0.00030716577752574765
0395,0.0003071269237206602
1447,0.00030685932981669846
1394,0.0003066676384237667
0316,0.00030642898707149374
2115,0.0003051763347191849
0595,0.00030517453395464164
1066,0.0003046350457766686
1400,0.00030456274751869774
1935,0.0003037666736575507
2175,0.0003034316308658108
2090,0.00030314229723461567
0192,0.0003028158162611876
1073,0.000302453709102564
0214,0.0003024041323436864
2198,0.00030237192787189055
2639,0.00030230854944907325
2703,0.00030186258831765427
1557,0.0003016401774530484
2396,0.0003010299061714308
1676,0.0003009081634743063
1856,0.0003007240022270232
1732,0.0003001910643544391
0425,0.0003001438829362085
2216,0.0003000532590390461
0817,0.00029991969488596816
0254,0.00029984625169607413
1653,0.00029965373841119453
2416,0.0002989841289421316
1526,0.000298941491288596
1386,0.0002985193001122322
0687,0.0002978785649766753
2659,0.00029786331257738714
2633,0.0002978050648919092
1441,0.0002977530542082615
1513,0.00029755657646857566
0287,0.00029755657646857566
0211,0.0002975340625358081
0654,0.0002971157117790124
1857,0.00029706543929318386
1206,0.0002968521953033889
0879,0.00029617747948970945
2410,0.0002961376710037526
0891,0.0002958539670627532
1431,0.0002956288700965315
3008,0.0002955067598816829
0480,0.00029534014153650046
0746,0.0002952011804126666
2820,0.0002950703374559393
0998,0.00029488817736918383
2087,0.0002947961210667405
0895,0.00029468755484055254
3112,0.0002946571404763317
0120,0.00029465568284878024
1137,0.0002944438729232571
1427,0.00029440557784617176
0263,0.00029410030229880637
0666,0.00029408837499580526
0424,0.00029407040843880855
1987,0.0002939410933042853
0820,0.0002938616923756759
0645,0.00029385185811194243
0018,0.00029384711066331333
2412,0.0002938336826326166
2760,0.0002937813078647051
2491,0.00029355426769350735
2572,0.00029345124555956
2831,0.00029325151642904066
2580,0.00029261168678118826
1249,0.0002923570391280133
2838,0.00029205533711535646
1428,0.00029183209704059096
2674,0.00029178124094769107
0253,0.0002915574560551892
0437,0.0002915227432643166
3030,0.00029148008198687236
1695,0.0002913809797900847
1470,0.00029121627364973434
1372,0.0002910171880984734
1808,0.0002910147327826308
0016,0.0002909579998529547
0953,0.0002909011676376025
0045,0.00029080915237931685
0383,0.0002904218475366305
0999,0.00028987620123369486
2053,0.00028943287218651073
2031,0.0002893780879924667
0708,0.0002890435514625007
1907,0.0002890435514625007
0839,0.0002890435514625007
0195,0.0002890435514625007
0152,0.0002890435514625007
2085,0.0002890435514625007
1982,0.0002890435514625007
0587,0.0002890435514625007
1574,0.0002890435514625007
1941,0.0002890435514625007
0222,0.0002890435514625007
0175,0.0002890435514625007
1409,0.0002890435514625007
2971,0.0002890435514625007
1512,0.0002890435514625007
2350,0.0002890435514625007
2586,0.0002890435514625007
3097,0.0002890435514625007
2282,0.0002885638819507617
2829,0.0002881655522493229
2267,0.00028803747831676233
2724,0.0002880222015883858
1070,0.00028785443414680736
1640,0.0002876607741176035
1053,0.000287643047293132
2663,0.0002872762503017915
1234,0.0002866913811093487
2607,0.00028664925734274416
1091,0.0002866394377032342
2130,0.0002865460397128032
0352,0.0002864143343218238
2050,0.00028640442445645504
0116,0.00028631697215284434
3023,0.00028610127069657575
0013,0.0002858857503339164
1155,0.00028559417898280375
1058,0.0002853202528798092
0122,0.00028524351593884825
2568,0.0002850057037906301
2613,0.0002849809696814946
3113,0.00028488387456021227
0924,0.0002846982442544425
0113,0.0002845008426228053
1034,0.0002842496453811329
2658,0.00028421753796054636
0923,0.0002839937206667019
0943,0.0002839647597099172
0462,0.00028395647508813477
0166,0.0002836327799712027
2322,0.0002832987366943858
0972,0.00028307514214607896
1294,0.00028289821525606873
2317,0.0002824757614188544
1531,0.0002824435460869959
2826,0.00028243177109233157
3108,0.00028243177109233157
0648,0.00028243177109233157
2539,0.00028243177109233157
2720,0.00028243177109233157
0937,0.000282207784921025
0308,0.00028210646675492845
1421,0.00028195015374400163
2072,0.00028190240413602147
0774,0.0002819023325328524
0215,0.0002818689116726577
0897,0.00028183582009839216
2560,0.0002813675801673509
2012,0.00028090954615217695
2819,0.0002808371132997782
2498,0.0002802870714364574
2101,0.0002802122180897006
1396,0.00028010935213495933
0552,0.00028003481233763663
1654,0.00027997025380526336
1878,0.0002798901836600204
1543,0.00027980015915230985
2388,0.00027971942311801274
1906,0.0002795537219669938
2313,0.0002795537219669938
0455,0.00027940413176733025
0709,0.00027940413176733025
0072,0.00027940413176733025
2212,0.00027940413176733025
3114,0.00027940413176733025
0871,0.00027940413176733025
2098,0.00027940413176733025
2296,0.00027940413176733025
0309,0.00027940413176733025
2511,0.00027940413176733025
2862,0.00027940413176733025
0400,0.00027940413176733025
2457,0.00027940413176733025
0444,0.00027940413176733025
1528,0.00027940413176733025
2389,0.00027940413176733025
2445,0.00027940413176733025
0834,0.00027940413176733025
1271,0.00027940413176733025
1225,0.00027940413176733025
1105,0.00027940413176733025
2460,0.00027940413176733025
0246,0.00027940413176733025
2655,0.00027940413176733025
1841,0.00027940413176733025
2754,0.00027940413176733025
0236,0.00027940413176733025
2806,0.00027940413176733025
1033,0.00027940413176733025
2071,0.00027940413176733025
1727,0.00027940413176733025
2214,0.00027940413176733025
2675,0.00027940413176733025
0827,0.00027937972263688903
2156,0.00027928970264068137
1346,0.00027926106210208584
1435,0.0002792396085513864
2407,0.00027903490684001275
1795,0.00027903490684001275
2110,0.00027903490684001275
1814,0.00027903490684001275
2431,0.00027903490684001275
1777,0.00027903490684001275
1089,0.00027903490684001275
2029,0.00027903490684001275
1113,0.00027903490684001275
2429,0.00027903490684001275
1534,0.00027903490684001275
0984,0.00027903490684001275
2837,0.00027903490684001275
1831,0.00027903490684001275
0803,0.00027903490684001275
0447,0.00027903490684001275
1778,0.00027903490684001275
2157,0.00027903490684001275
3077,0.00027903490684001275
0618,0.00027903490684001275
0979,0.00027903490684001275
0174,0.00027903490684001275
0385,0.00027903490684001275
1094,0.00027903490684001275
2575,0.00027903490684001275
1333,0.00027903490684001275
2768,0.00027903490684001275
0928,0.00027903490684001275
0140,0.0002789376077307507
0604,0.0002785765396801573
0951,0.0002781395854331607
3128,0.0002778034226721578
0504,0.00027762630930629987
1692,0.0002776024302700955
1047,0.00027759042878844337
1975,0.0002770700143644912
0660,0.0002767056520743802
1007,0.0002767054075327669
1310,0.00027662059980741537
2543,0.0002765009131460674
2773,0.00027627398646418275
1041,0.00027608934705810885
1454,0.0002760719825856252
1236,0.0002757899149048704
1362,0.0002756106549204815
0824,0.000275579321051742
0103,0.0002755484415539488
1207,0.0002755071802421951
0291,0.0002754229944125009
2286,0.00027520626193868586
0713,0.0002751114072250361
3032,0.0002745457260572191
2818,0.00027444546568016696
3087,0.0002741660281649895
2193,0.000274128262649163
0821,0.0002734989917002277
1911,0.0002734989917002277
1304,0.0002734989917002277
1369,0.0002734989917002277
3072,0.0002734989917002277
1181,0.0002734989917002277
2846,0.0002734989917002277
2081,0.0002734989917002277
2906,0.0002734989917002277
2206,0.0002734989917002277
1390,0.0002734989917002277
2116,0.0002734989917002277
0493,0.0002734989917002277
0760,0.0002734989917002277
1961,0.0002734989917002277
2649,0.0002734989917002277
0333,0.0002734989917002277
2229,0.0002734989917002277
0370,0.0002734755703989836
3095,0.0002726543832796357
0230,0.00027263359198462754
0143,0.0002725977580245688
0290,0.0002725977580245688
2524,0.0002725977580245688
2808,0.000272172480801952
0049,0.0002718907629558112
0448,0.0002712909035149763
2049,0.00027128548648501456
1110,0.00027080804745272365
0216,0.00027058934533400803
1996,0.00026988361249292406
2810,0.0002691924773145029
0030,0.00026907066444411897
3106,0.00026886379202164216
0804,0.0002683124714360145
0365,0.0002680814077037412
2261,0.0002671468829059442
0154,0.0002665955544579979
1886,0.0002661275482822399
2670,0.00026600619972515357
0438,0.0002648957449527241
2617,0.00026436989907231343
2117,0.00026408510360247377
1452,0.00026405957303371534
2920,0.0002638241965899356
0750,0.0002635856731670459
2065,0.00026343650445656975
2507,0.00026311632863099436
2721,0.0002627266212427363
1920,0.00026265655548114594
2487,0.00026253717561939096
0060,0.00026237654406097795
1090,0.00026213084886219805
1221,0.0002621092527612911
1026,0.00026108090793639345
2821,0.000261019761637058
0474,0.0002610006727777677
1237,0.00026033760874918943
1700,0.00026018649239091974
1122,0.0002597782176106241
2965,0.00025952604750374323
1684,0.00025938838232934824
2479,0.00025897345964096376
2870,0.00025897046660546837
1095,0.0002578822504637982
0585,0.0002572636959117129
1743,0.00025712590948617943
2052,0.0002568511704387321
2172,0.00025675473974087716
1741,0.0002567417084571035
1990,0.00025662767039596085
1443,0.00025650767726707765
0858,0.00025644430172060704
0561,0.00025602061062562036
0811,0.0002556455969401523
0545,0.00025539191273149373
0880,0.0002552950554072356
0925,0.0002551865439611182
2630,0.00025518605504077865
1173,0.0002548349372171727
2547,0.0002547026060458474
1717,0.0002537547150729329
1786,0.00025355346716931994
0298,0.00025347484608177805
0481,0.000253466136069321
1128,0.00025309486856335783
2556,0.0002530141441936393
1305,0.00025298869536955295
1126,0.00025259021996943635
1767,0.0002523745177432532
3090,0.00025221986862120863
2512,0.0002522049855345819
2436,0.0002519742385773283
2425,0.0002519340210879237
0026,0.0002518621703099941
2326,0.00025182407061070255
1407,0.00025159551596466435
0795,0.0002515491889217314
1006,0.0002514231027561692
1826,0.00025111033672962067
0823,0.0002502254870271122
0106,0.000250156363607985
1750,0.00024964485071546697
2347,0.0002494332736061614
2121,0.0002493821222524549
0614,0.00024903458965434366
2171,0.0002489569916062641
0741,0.0002489321439378935
1240,0.0002488651155589555
2915,0.0002482252446360426
1146,0.0002480710126820651
2128,0.00024787412483588006
0471,0.00024787412483588006
0377,0.0002474396632910826
0841,0.00024729609540043276
0703,0.0002471253198250481
3043,0.0002468132764439858
1153,0.0002464579080853463
0580,0.00024631660945406155
0737,0.0002461541423946741
1995,0.00024605433556612084
1032,0.0002458398949455718
2477,0.000245314254814313
0454,0.0002448142298636837
1387,0.0002447598252813363
1328,0.00024442977864822354
0402,0.00024435937006927496
2058,0.0002442431407176213
0335,0.00024396355425355173
3130,0.0002437697782652207
2314,0.00024369976027004999
2802,0.00024353273796537324
1542,0.00024335665747965649
0794,0.00024329434593695195
1397,0.00024327259158522788
1215,0.00024323801901125267
1314,0.00024320940538949358
0540,0.0002431574409592822
1545,0.00024307642062046888
2530,0.00024260966999160987
1718,0.0002425567962993842
1840,0.00024247486102467328
0653,0.000242218359162309
0176,0.0002422064423568914
2094,0.00024191603125039868
0343,0.00024180724239644124
0718,0.00024162683310272366
1851,0.00024153037931093607
2034,0.00024121285864308592
1480,0.00024109468246522888
3061,0.0002408521879657276
0574,0.00024065955927102055
0603,0.00024045647656282358
2962,0.0002403063006410311
0051,0.00024020746147836847
0755,0.00024015984069217526
0667,0.000240100869920111
1408,0.0002400292280503699
0647,0.00024002871991125372
2243,0.00023980485593449866
1597,0.00023970721523002497
0933,0.00023958659773995702
0848,0.0002395683315753123
2418,0.00023921102630762423
0954,0.0002390003237015358
0636,0.00023899936488843134
0401,0.00023892344657422648
0576,0.00023810459832155785
1315,0.0002380172405231594
0048,0.0002379749671038167
0852,0.00023789544539415812
0993,0.00023788559609964918
1742,0.0002378681228746896
0251,0.00023751844630533995
0989,0.0002372282751018277
2063,0.00023700289188119728
1476,0.00023699560094086181
0513,0.00023611413886309135
0153,0.0002360706389538362
2466,0.00023605862662716737
0038,0.0002359681680852317
2567,0.0002356991156131954
2489,0.0002355681905340414
2155,0.00023551233888448957
0832,0.00023545098839496822
3007,0.00023525653636828717
0190,0.00023524897128207134
0145,0.00023504382233397768
0328,0.0002349665572436437
2697,0.00023490420233784076
2201,0.00023473332155436646
0489,0.00023473332155436646
2108,0.00023467858681709843
2393,0.0002346212743472567
1928,0.00023448126876829655
2941,0.00023426013187549655
0042,0.00023407513450208673
2503,0.0002340213856898372
3111,0.0002337833531242037
2133,0.0002327332148682692
1617,0.00023212857542998877
2480,0.00023200361106301485
1360,0.0002319229014034956
2404,0.00023182219690605596
2399,0.0002318164480855825
0147,0.00023171657167694285
2303,0.0002312982388050362
2738,0.0002311748188539991
2681,0.00023110236020791301
0671,0.00023078657580892113
1027,0.00023078145552135333
3065,0.00023073016398185477
2969,0.00023069788632901377
1817,0.00023051930187571298
0136,0.00023047662004327475
2054,0.00023043253933188816
0083,0.00023023997201900573
0177,0.0002302213062668563
0167,0.0002299609422908047
0631,0.00022959051814546878
0986,0.0002293666016258918
3132,0.0002293175030538632
1265,0.0002289836737284121
1361,0.00022898129551563207
1028,0.00022885011856380017
0184,0.00022874228080534546
2974,0.0002285851416245808
1129,0.00022799033276768297
2343,0.0002279216468953589
0921,0.0002279216468953589
0057,0.00022770012345447394
0661,0.000227502917136082
2260,0.00022730220130555965
0771,0.0002267429284028414
0664,0.00022671922797869352
0321,0.00022644379858086875
2712,0.00022636395493783845
2046,0.00022628017714397593
1900,0.00022607240552596466
1203,0.0002259660045964378
0511,0.00022593723047827853
2752,0.0002258397536744342
1414,0.0002257260516396511
2458,0.00022570142615333116
0699,0.00022568735477214119
2233,0.0002255661992651869
1740,0.00022494324131105967
2270,0.00022467694904839636
0734,0.00022422007903184532
1013,0.0002240017928645937
2255,0.00022355462678535254
0311,0.000223455078616442
3056,0.00022341458742651697
1894,0.00022312558577657982
0396,0.0002230786980764731
0407,0.00022278623621896696
2383,0.00022241913292683202
2394,0.0002224067508991277
0882,0.00022236323495420336
2908,0.00022224486836729855
0261,0.00022187871188771084
0698,0.0002218418585565339
2148,0.00022182224088088053
1045,0.00022177100134520582
1491,0.00022109686723832203
2647,0.0002207826510763225
0560,0.00022045538677572252
1635,0.0002203533544340991
2483,0.00022030494276344402
0134,0.0002202543908317289
2828,0.0002202473808201161
0715,0.00022014977308003588
0942,0.00022013299884137872
0036,0.0002200670595499754
1753,0.00022000684041937948
0477,0.0002199488437675867
0256,0.0002197034693580683
1101,0.0002194040460016636
1977,0.00021937920751001212
2931,0.0002193509630686783
2509,0.00021871111074580596
2015,0.0002186786325444292
2667,0.00021852650357611473
0663,0.0002183697572808705
0961,0.00021809577073447054
1641,0.00021809529197756278
1510,0.00021807643312531298
1948,0.00021792585110735717
2999,0.00021762725181616335
0876,0.0002175588333143312
2636,0.0002174541007549184
0916,0.00021683355963290782
2376,0.00021655834110208678
0742,0.00021640418496568004
1055,0.00021626779420136794
1371,0.0002159315829663102
1260,0.00021588645105332667
1770,0.00021545152506825103
2790,0.00021545152506825103
0570,0.00021545152506825103
3117,0.00021545152506825103
1104,0.00021545152506825103
2167,0.00021545152506825103
0665,0.0002153595098993187
1628,0.0002153595098993187
2200,0.00021521473329969706
1805,0.00021502569089183277
2601,0.00021475246730746775
1450,0.00021473485180497826
2534,0.00021472960483321334
1381,0.0002144832945331767
0982,0.00021440383587742847
1781,0.00021394286561956662
2510,0.000213765274334082
1541,0.00021372501406648274
2134,0.00021368461069603452
1546,0.00021357794728799287
2878,0.0002134726516792198
1576,0.00021344941045222475
1773,0.00021344505770791588
2047,0.00021332587842182385
1263,0.00021277405999474753
2972,0.00021272487282127727
0319,0.00021266113695555757
0818,0.00021266113695555757
1253,0.00021266113695555757
2900,0.00021266113695555757
1076,0.00021266113695555757
2661,0.00021249277856742553
0032,0.00021208765519463844
0896,0.00021179960528902676
1659,0.00021129716318888677
1810,0.0002111741881988574
0413,0.000211107653588923
2880,0.00021097888943124278
1135,0.00021041167701199814
0015,0.00021018195926478508
0801,0.00021010566049597617
1775,0.00021007084754551516
0809,0.00020994932859936077
2112,0.00020957481919536123
1612,0.00020907408851212047
0819,0.00020888337409372885
0769,0.00020859470705806999
1892,0.00020778440849409185
2449,0.0002073587513148027
2209,0.00020730128548704358
0258,0.00020714811602878263
1093,0.00020693001566494793
1190,0.00020647620001220825
1341,0.00020640895650910867
1384,0.00020637095791836506
2706,0.00020617156468609213
0903,0.00020610249832968614
1398,0.00020605439024530743
1794,0.00020518060007790887
1953,0.00020455962377146535
2129,0.00020342755413379907
2464,0.00020334141392776536
0446,0.00020329964568835193
2188,0.00020328822784797143
1861,0.00020320485128092793
1607,0.00020299345416006722
0628,0.00020270472385126875
2532,0.00020244676726479703
2218,0.000202410595027697
1762,0.00020215832391540974
3044,0.00020190523130995128
1904,0.00020160380606350288
1415,0.00020156239253929994
0522,0.00020118314990111874
1059,0.0002011641985065458
2319,0.00020106007584537217
2442,0.00020088232596761249
1986,0.0002007237175407993
0679,0.00020034245918480747
1889,0.00020031551047496127
0868,0.00020027382851852077
1909,0.0002000040867774639
1465,0.00019990035149276662
1686,0.0001997583669534538
0537,0.00019941538373275823
1484,0.00019925570925373784
0672,0.0001991227370790307
2354,0.0001983008312805
0302,0.00019825691860000553
2910,0.00019788699454994965
1637,0.0001975793899346317
3052,0.000197521393593402
2280,0.0001974403671638511
2857,0.0001973316166570809
0020,0.0001970983265537505
1656,0.00019679415344133895
2671,0.00019670125390524695
0833,0.00019665969263478635
2579,0.00019638993518711147
2482,0.00019621432667008627
0432,0.00019620011534595644
2327,0.00019564088789282582
0440,0.00019564064527949338
1111,0.00019553288571437264
0559,0.00019547597632699266
3002,0.00019509117934924863
0810,0.0001947203337269751
0356,0.00019463122562574618
2581,0.00019452824697509675
0624,0.0001943936595325078
1356,0.0001939181881317423
1433,0.00019378699425842748
0816,0.00019377722271020175
2137,0.0001937607938603131
1636,0.00019372894187592388
0421,0.00019368355757009689
1844,0.00019364241025313767
0536,0.00019360575689402433
0994,0.0001935831556859513
1716,0.0001932674947704354
1655,0.00019299480020035792
0445,0.0001929585177167583
1037,0.00019287703289049801
0526,0.00019279654225639085
2014,0.00019256919330332261
2588,0.00019246956761574584
0491,0.00019246176920166452
2441,0.000192308995358011
1115,0.0001922198376778918
1691,0.00019219403589429524
1352,0.0001919761158356863
2298,0.00019186126590856138
2843,0.00019158789270114758
2421,0.0001915736074346367
1936,0.00019144613221552112
0598,0.00019143304208326116
1809,0.00019143304208326116
1942,0.00019143304208326116
1964,0.00019143304208326116
1865,0.0001912685839140301
0625,0.00019115963375909971
2522,0.00019115117781096314
0524,0.00019112285111867188
2476,0.00019098022145188476
2245,0.0001906977845804057
1706,0.00019060953078871615
0245,0.00019060953078871615
1866,0.00019060953078871615
2485,0.00019060953078871615
1850,0.00019060953078871615
0435,0.00019034639159420306
1086,0.00019034639159420306
2348,0.0001899812307466374
1530,0.00018977736596245448
0533,0.00018885180907803658
0295,0.00018870615573821583
1198,0.00018861391649077205
1622,0.00018846991291809212
1158,0.0001884611039454646
1509,0.0001883609876349709
3122,0.00018758289797773906
0701,0.00018703872229454906
0240,0.00018697161072219625
2629,0.00018660700906787043
1619,0.00018636916206085755
1946,0.00018634407218388066
2370,0.00018627052250088519
1702,0.00018611771771554186
1063,0.00018594057627791753
2589,0.00018592608904887623
2741,0.0001853773264871363
0516,0.00018525179514149908
1217,0.00018522502879651738
2113,0.00018521774901948706
0412,0.0001850416454675133
0617,0.0001848786350377876
2858,0.00018459527788448402
2076,0.00018452685114854893
1227,0.00018450065197923263
2983,0.00018447678026201932
0280,0.00018433945789307084
1959,0.00018371411401070175
1943,0.00018359569650025108
1999,0.00018358788971564486
0939,0.00018330834979422554
1179,0.00018315191809205317
2163,0.0001829301782171179
0009,0.00018241206686264757
0767,0.00018235733699870026
2624,0.0001822978869032508
2488,0.000182179820737794
1374,0.00018192556579543572
1838,0.0001816075421357847
0720,0.00018141839581662804
1389,0.00018134206085294754
2595,0.00018130622349033206
1446,0.00018109312819843213
1449,0.0001809170129817354
2791,0.000180804399251189
2728,0.00018071156379633835
1242,0.0001806250837759265
1989,0.00018032903779554432
3070,0.00018013600987664576
0118,0.00018007106770103826
0579,0.0001800179815843095
2626,0.0001798902394277609
2325,0.00017967707808270945
2424,0.0001792443868147234
0419,0.0001789111453509641
0265,0.00017856283312488888
1180,0.00017847180126638528
1417,0.00017836072362264647
0510,0.00017821313979335068
0086,0.00017797216014968673
1282,0.0001776804153447526
1972,0.00017767940950045465
2648,0.00017751918258992975
2544,0.00017745474151801703
1202,0.0001772086198160792
2084,0.0001767487451523207
0599,0.00017669529277874966
2237,0.0001763493977111384
2001,0.00017631237233964295
1820,0.00017608307228476905
1665,0.0001759680383935425
0457,0.00017587485190027278
0172,0.00017584702458709877
0857,0.00017580237513821183
1991,0.00017563796363092963
1088,0.000175380890546364
1216,0.00017496392753051172
1130,0.00017482164742379486
3041,0.0001746772921495913
2165,0.00017446221297078327
1117,0.00017424865082503314
0487,0.00017409013317598476
2608,0.00017396018169376859
2380,0.00017396018169376859
2190,0.00017396018169376859
1587,0.00017396018169376859
2490,0.00017396018169376859
0873,0.00017366423383012027
2945,0.00017324056876158274
2227,0.0001727476655056605
2349,0.00017267576651016866
0173,0.00017209210192292384
2447,0.00017184474610524778
0791,0.00017179119801431582
2501,0.00017159622315402484
1758,0.00017155267531566892
2143,0.00017134130331532667
1638,0.00017108202973601042
0485,0.00017083688330174504
2160,0.00017056932558475263
2203,0.00017053145482160813
2953,0.00017040324107575074
1681,0.00017033582070387343
3075,0.00017033328697246017
1881,0.00017012907825227492
2379,0.00016985566660191517
0312,0.00016915170811058434
2446,0.00016905690257024015
1745,0.00016895952301073045
0612,0.00016877394058903073
2804,0.00016858096821559192
1830,0.00016844403873303928
1600,0.00016833461987255226
2749,0.00016822540376003708
0945,0.0001681602261855526
2000,0.00016811030246076164
1331,0.00016807724262510917
1725,0.00016791898369092884
1496,0.00016775479322487478
2103,0.00016765314159822403
0675,0.0001674941966275444
3071,0.00016738718729153874
1329,0.00016712596146241693
1578,0.00016693388804785958
2685,0.00016655681156894377
1044,0.0001664146018907016
1475,0.0001663212178756646
1178,0.00016629316687848483
2949,0.0001662078493165281
0144,0.00016610976402537883
1131,0.000166077807118482
1437,0.00016573038441338117
0131,0.0001656713814018134
2604,0.00016563932684292998
1761,0.00016558804563861188
2274,0.00016558804563861188
0380,0.00016558804563861188
0305,0.00016558804563861188
1789,0.00016558804563861188
0354,0.00016558804563861188
1843,0.00016558804563861188
2569,0.00016558804563861188
1517,0.00016558804563861188
0758,0.00016558804563861188
1562,0.00016558804563861188
2266,0.00016558804563861188
1698,0.00016558804563861188
2662,0.0001655295280213966
1195,0.0001651620347639916
1003,0.00016508587227622234
2873,0.00016479935884751738
2166,0.00016468225897003244
2964,0.00016468225897003244
3115,0.00016468225897003244
1339,0.00016468225897003244
0845,0.00016468225897003244
1710,0.00016468225897003244
0096,0.00016468225897003244
3099,0.00016468225897003244
2107,0.00016468225897003244
2680,0.00016468225897003244
0358,0.00016468225897003244
3083,0.00016440173626889557
0157,0.00016364458346761754
3022,0.00016333875099805835
0137,0.00016323850121693385
3026,0.00016323751878226847
1167,0.00016323321865472834
2911,0.0001630590084593288
1460,0.00016282572552155298
0199,0.00016265035113485022
0126,0.0001625421044719008
2333,0.0001623383701024377
2867,0.0001623016420495318
0436,0.00016223821275248085
2868,0.00016211538821903445
0600,0.0001620126759344881
0408,0.00016163702479145623
2814,0.00016141885505964733
0641,0.00016125143261631018
2281,0.00016115760732997333
1231,0.000160959822051464
0092,0.00016094321876990888
2249,0.000160681983348259
1752,0.00016042446974372994
1404,0.00016001908388742998
1551,0.00015990124265532322
1239,0.00015989610298488034
0918,0.00015970423796952987
0748,0.00015946283324576996
2089,0.0001594506170748678
2277,0.0001589984123694894
0505,0.00015863752277486798
2693,0.00015856078711905502
2432,0.00015837784417345409
2657,0.00015833024566402237
1748,0.000158137444791587
0149,0.0001581156229580346
0259,0.0001578977895476402
2981,0.0001578877086409999
2717,0.00015772836642829148
0932,0.00015764803201102722
0582,0.00015741281237078805
2711,0.00015714642213617225
1667,0.00015698906059554636
1077,0.00015683021133930535
0428,0.00015671542327928394
1779,0.00015662650702247057
2874,0.00015656195105592417
2637,0.0001565040490910373
0117,0.00015626620886441351
2815,0.00015555057085239927
0783,0.00015544768022188632
0301,0.0001553102803750102
1102,0.0001552436654289388
1042,0.0001551209657233394
0299,0.00015509736060055146
0963,0.00015509547182288445
3019,0.00015496452392351758
1680,0.0001549312432154484
0046,0.0001548640343933439
2467,0.0001544982109284355
0518,0.00015449175672343067
0110,0.00015436902458158016
0735,0.00015434641597698113
2966,0.00015416273709978803
0947,0.00015361184014320005
0104,0.0001533428865683541
3119,0.0001531428178761309
0784,0.00015314015756239468
1318,0.00015298339031106904
2688,0.00015298339031106904
0835,0.00015298339031106904
2599,0.00015298339031106904
0139,0.00015298339031106904
1642,0.00015298339031106904
1092,0.00015291182427085845
2764,0.00015263411309247678
2192,0.00015252191466475144
0806,0.0001525205653264962
2439,0.00015219143765636447
2332,0.0001518451270859055
1096,0.00015157916121419528
0888,0.0001512199964406281
1874,0.00015111191390294445
0596,0.00015092535008270894
2292,0.00015079898871296223
1254,0.0001505914505254346
2865,0.00015013467042815931
0904,0.00014975673958884359
0568,0.00014958178466092207
0899,0.0001490948703439718
1944,0.00014909098060909254
2079,0.00014885199837382906
1875,0.00014867510874363684
2653,0.00014863362729391358
1765,0.00014853035901759247
1478,0.0001483435488466806
2665,0.00014824334120044555
0468,0.00014808627378316605
2022,0.00014803295100469641
2957,0.00014799421722675683
0313,0.0001479544375445569
0633,0.00014793062078116804
2871,0.00014777489336435977
2769,0.0001476773874303818
1487,0.00014755344865414086
0288,0.00014736021578729523
0423,0.00014717079104638398
0793,0.00014716361455666298
0416,0.00014706262868493435
0260,0.00014696514864006945
0232,0.00014675977017319117
1439,0.00014646622672702286
1550,0.00014645040199284535
1442,0.0001463436484516773
1697,0.00014606445877348947
2903,0.00014592577807817178
1815,0.00014580503579822315
2403,0.00014541876023650994
3082,0.00014519311160059728
1152,0.00014513994040122298
2864,0.0001451027495140214
1201,0.00014506047300578832
0442,0.00014478809935891158
0002,0.00014439294731225048
1119,0.00014354658501601305
1220,0.00014323951486250729
0802,0.00014321181796723702
2414,0.00014304548237760459
2977,0.00014294664094366573
2369,0.00014291055461737126
1256,0.0001429062748973994
1276,0.0001428022735058143
2792,0.0001427484013853973
2772,0.00014246135609253946
1197,0.00014235996952545677
1358,0.00014211996304724624
1278,0.0001417553541060373
2744,0.00014171231073735355
2993,0.0001416600312921843
1349,0.00014126819819832998
0093,0.00014111031118534432
0883,0.00014065873976412587
0475,0.00014048001567606742
2185,0.00014037518169552477
0466,0.00013992310501768196
1729,0.0001398587420370965
1571,0.0001396940610866641
0050,0.00013955646271756128
0479,0.00013950026981146012
2009,0.00013928258072871133
0719,0.00013883778299360222
1147,0.0001388336630955528
0674,0.00013853343992783118
2083,0.00013844870116287648
3131,0.00013842174551978255
2377,0.00013833331991323358
1050,0.00013781981312912942
1492,0.00013777062343919098
0714,0.00013771353989618432
2860,0.00013764939303457065
0668,0.00013763357031081262
2290,0.00013753216324958095
0340,0.0001374629013582948
1040,0.0001373242729829831
2450,0.0001368104062082512
1829,0.00013665160119828322
1121,0.00013659097051858294
0775,0.00013634914529200533
2146,0.00013592597365339135
2714,0.00013591923458359137
2132,0.00013584136834501404
2408,0.0001357749272831282
1223,0.00013534309269209603
1581,0.00013527566510438102
1199,0.0001350151681005112
2750,0.00013486428424906155
0189,0.00013485795806267363
0970,0.00013459811576614332
1890,0.0001344504745827424
1592,0.00013439341736262958
2037,0.0001340705197774694
1689,0.00013385704671452936
0980,0.00013385574565920671
2256,0.00013382066882968466
0360,0.00013329800874720143
0869,0.0001329636433257018
1529,0.00013294017050450357
0851,0.00013285672680392584
1024,0.00013280807500897263
1518,0.0001327568978582785
0427,0.00013274921366326635
1669,0.00013268942962846005
2839,0.00013268810267484817
2927,0.00013263886622286823
0728,0.00013241315651189972
2746,0.00013230298138196083
0124,0.0001318616586307625
1802,0.00013185789051220346
2344,0.00013158366873269818
0712,0.0001312766337397657
0391,0.0001311496437210247
0037,0.0001310831399015985
2433,0.00013106254466310247
0541,0.00013103897868419503
1232,0.00013097017658829317
3040,0.0001307516864042862
0786,0.00013047298637926998
2664,0.00013044733931381997
2013,0.00013039296214866088
1411,0.00013031812698549908
0235,0.00013010853768823983
0361,0.00012999815052713143
1268,0.00012994951367696847
0901,0.00012974811079974897
2866,0.00012971095712298607
0067,0.0001296185713038618
1030,0.000129606769531068
0283,0.00012953561126151407
1969,0.00012951955134993172
1918,0.00012950741128078298
1295,0.00012911929509078286
2259,0.00012871195537361366
1858,0.0001286576690989264
3127,0.00012852665141844174
1730,0.00012850295455218766
1847,0.00012829304981149054
1467,0.0001282760653560771
1474,0.00012822151480722938
1368,0.00012818153395481065
0434,0.00012800664261874056
0752,0.00012785151269848114
0135,0.00012776282309812114
0722,0.0001274718127016801
0371,0.00012741625227739734
2781,0.00012714078978372673
0368,0.0001269711828182921
3073,0.00012695794081795094
2437,0.0001269337349706312
2197,0.00012683483091008118
2638,0.00012671923723147534
1549,0.00012669715905460813
0390,0.00012669715905460813
2506,0.00012669715905460813
1224,0.00012665478797891714
0019,0.00012664784991980372
1800,0.00012642984418794357
2027,0.00012642134046551536
2856,0.00012640903167983816
2552,0.00012622473412517756
0203,0.00012614239099338498
1015,0.00012603527473990572
2571,0.00012588643356195407
1783,0.00012586113179543717
1438,0.0001258514986652689
0053,0.00012560061590588724
0729,0.00012558817174923448
1932,0.00012552641291743857
1326,0.00012538867648346287
1905,0.00012534199759269953
2656,0.00012526003620353412
2059,0.00012502632897698626
3064,0.0001245761831636706
1901,0.00012436016176367533
3092,0.00012420387143219328
1763,0.00012414015740679028
0655,0.0001239705375552605
0178,0.00012381596227894906
1141,0.00012326603650642982
0509,0.00012318864095342305
1284,0.00012314119791645678
0403,0.00012296354478968555
2854,0.00012288483821620383
0193,0.000122817032217673
1048,0.00012277778410244228
0890,0.0001227709750423598
2933,0.00012265342695858377
0962,0.00012246943981989944
1827,0.0001224406124240254
0782,0.00012242432497603048
2234,0.0001224177912528652
0987,0.00012236194189055866
0231,0.00012234135242602658
2430,0.00012231377786832773
1064,0.00012209058148218962
2318,0.00012201756428193957
0673,0.00012201098183726858
2940,0.00012197047682207523
1287,0.00012190518045989706
1849,0.00012187883854260795
2097,0.00012180907046618921
2284,0.00012140359077172409
2104,0.00012136581661385422
0592,0.00012071315547676847
1166,0.00012060995735715922
0867,0.00012059806279767727
0071,0.00012035014346178753
0808,0.000120183632795762
2299,0.00012016916942111786
1552,0.00012013227722494551
0690,0.00012003459275752135
1157,0.00011984765410420249
1192,0.00011980927258142357
0796,0.00011970139880622613
1984,0.00011955789795669723
1359,0.00011940064005085157
2092,0.00011934129270535816
0564,0.0001191092239927365
2545,0.00011909255752228981
0213,0.00011898863993241681
0745,0.000118540435204629
1955,0.00011846292010584609
0089,0.00011818421040168955
2019,0.00011816727279709415
2010,0.00011813115639534432
2093,0.00011800784181482309
1812,0.00011761506449785151
1962,0.00011744032104384663
1954,0.00011714375992311982
3086,0.00011712252422381111
0272,0.00011711621844710186
2337,0.000117062572183964
1835,0.0001169211705466585
0225,0.00011685829916085891
0960,0.00011671709564103409
0082,0.00011659047498473096
2577,0.0001165331208012398
0563,0.00011644639074876733
1463,0.00011615405548416467
0323,0.00011615005466072178
0384,0.00011605474830774336
2018,0.0001159853005677484
0886,0.00011590107937058512
1429,0.00011563667798142373
2357,0.0001155687437063998
1621,0.00011556324640043942
1009,0.00011535066740240608
1888,0.00011531748309879196
2785,0.00011518852676389507
2691,0.00011518835621973886
1196,0.00011515724509998066
2271,0.00011514990233526528
2598,0.00011472349375029895
0012,0.00011448095813909029
2766,0.00011447505605402685
2729,0.0001144455317176646
1561,0.00011435458129734785
1939,0.00011415360674358211
0981,0.0001141365198608586
2884,0.00011398225055946531
2882,0.00011387628387088278
2161,0.00011375159565871811
1399,0.00011359847515204704
1150,0.0001135359288140167
1031,0.00011350859128437868
0281,0.00011346998449237854
1967,0.0001134174965952131
0040,0.00011337623348369651
2486,0.00011331143173308643
1882,0.00011314616287885345
1566,0.00011313772000317909
1679,0.00011305931719694185
0716,0.00011291695884396531
0593,0.00011257750994510623
1340,0.00011249707245915776
2041,0.00011238653887031094
3079,0.00011233068452296205
0949,0.00011226441495551948
1300,0.00011215327384287956
0825,0.00011206275772479912
0938,0.00011205884227148284
1494,0.00011204903217777493
1434,0.00011202261690463602
0414,0.00011190353393777456
0610,0.00011169078305179415
0187,0.00011166847518067689
3048,0.00011164177206775491
0553,0.00011146874755292945
1124,0.00011105863505468766
0047,0.00011072955997023086
2254,0.00011072955997023086
1453,0.00011066944547795938
0476,0.00011059962351338081
0180,0.00011055713144342746
2942,0.00011044396791581981
1726,0.00011039322289021591
2679,0.00011034742566217473
0209,0.00010996768393744461
0355,0.00010980980287033336
1351,0.00010977027587135571
2057,0.00010974079497468622
0831,0.00010971921634846324
1908,0.0001096866951272254
1466,0.00010968590210429742
0905,0.00010942477883451671
0523,0.0001093815582503056
3081,0.00010917109135581853
0590,0.00010914095096344355
1868,0.00010910896179039877
2471,0.00010903727790637172
0743,0.00010902569126368183
0565,0.00010900831178739176
2631,0.00010890497425653897
2926,0.00010889190907878833
2888,0.00010883122945597312
0296,0.00010882573770599495
1170,0.00010881240862940537
1391,0.00010869409598182134
1097,0.0001086121179695044
0005,0.00010861099616435804
1598,0.00010861099616435804
2422,0.00010854049480468923
1522,0.00010850178979611964
2801,0.00010842257728506432
0844,0.00010835409818279768
0459,0.00010833919561677849
0772,0.00010833630882086271
0349,0.00010821025057105714
0304,0.00010807531010865776
1912,0.00010773901056241255
1902,0.00010743654618627801
2297,0.00010739909193426288
0014,0.00010739746570977046
2542,0.00010730348587164047
1142,0.00010719733834186335
1313,0.00010701444313080977
0934,0.00010692185062148639
0322,0.00010692114580830638
1998,0.00010686157528321801
3020,0.00010684077451769748
1711,0.00010682536742796136
0367,0.00010679603515332246
2269,0.00010672516197750506
1538,0.00010656456728360127
2244,0.00010650517009060326
2841,0.00010649106574879598
0129,0.00010644991109308062
0244,0.00010644991109308062
0776,0.00010643753784889587
1596,0.00010627484529544313
1324,0.00010617206749159958
2173,0.00010616653890125366
0781,0.00010603423226715564
2405,0.00010601287544741301
1151,0.00010601051641715124
0306,0.00010591748506706366
1473,0.00010585816420067575
1590,0.00010577534164323536
0996,0.00010567544277512094
0411,0.00010545291771965336
2677,0.00010537359113911977
0765,0.00010522689272185188
2541,0.00010522689272185188
2461,0.0001050636736916964
2423,0.00010505411515519964
3016,0.00010503440498467977
1025,0.00010497083880327112
1547,0.0001047808268482623
0527,0.0001047618689400638
0430,0.00010475835278007463
2701,0.00010474278594125951
2533,0.00010465436735273239
2428,0.00010447619418903796
2597,0.00010445628218309017
1979,0.0001041667820673983
1248,0.0001041394399041876
0626,0.00010408215581630793
2371,0.00010404825689190014
0800,0.00010404757678129052
0885,0.00010401462766831007
0826,0.00010396415866298925
3066,0.00010390514486164166
0975,0.00010389052414805643
1171,0.0001037506654994196
1739,0.00010364885834713125
1657,0.00010363849358406254
0935,0.00010357265078236348
0338,0.00010344064384626862
2119,0.00010330315697904585
0790,0.00010329870201450931
1250,0.00010312474945255515
2570,0.00010309696176194618
1968,0.00010304405205415905
0677,0.0001030201428379365
0128,0.00010301136303248571
0348,0.00010297963215577936
0417,0.00010291379583214382
1020,0.00010290092321866174
3068,0.00010277591054639038
2202,0.00010262766595697249
1116,0.00010262286697503885
1120,0.0001024829891481001
1672,0.00010230258625720234
0601,0.00010226539698779906
3078,0.00010225596888818373
3060,0.00010223810997771882
1824,0.00010215571778240896
0542,0.00010212932413359338
2177,0.00010194261836800502
0318,0.00010190686713284342
2996,0.00010178061773401079
2324,0.00010167902648699076
1461,0.0001016632803736481
0969,0.00010161437547945052
1036,0.00010159243006259971
0228,0.00010141995746672225
1127,0.00010141872755102549
0682,0.00010116975112558379
3001,0.00010112470735148015
0376,0.00010098765947020297
0727,0.00010097355495233708
1219,0.00010087276604148538
0589,0.00010083980944127508
0830,0.00010083386510843613
2082,0.00010083312125110772
2705,0.00010083306758753967
1782,0.000100829983151437
0170,0.00010064944587027673
1696,0.0001006155245872778
0429,0.0001003258674117958
1818,0.00010031335135008089
1852,0.00010028640447166246
2989,0.00010028274840425514
1143,0.0001002739384887823
2158,0.00010022261275257049
2682,0.00010022209228480625
3080,0.00010019261854882362
0422,0.00010012781510227437
1068,0.00010006604665184934
2919,9.991725573275293e-05
1002,9.989522650132984e-05
0094,9.986640199499893e-05
0465,9.984630826119224e-05
0555,9.980778129099371e-05
1703,9.979109735594284e-05
1503,9.96985914794007e-05
2550,9.965163154272317e-05
0747,9.957665964602809e-05
0077,9.947557418688447e-05
0788,9.947430606568547e-05
0837,9.94511699416807e-05
2795,9.942022462874875e-05
0418,9.941317528701306e-05
1678,9.922538917565683e-05
2215,9.916328954154359e-05
0695,9.887238843216334e-05
2612,9.878798222720292e-05
1887,9.869920707623872e-05
1734,9.867702927896875e-05
1925,9.856022625976779e-05
0179,9.849253630774327e-05
0519,9.838569350431116e-05
0242,9.829003645632248e-05
1163,9.828617664150017e-05
1854,9.82626456249446e-05
1125,9.824659874310168e-05
2170,9.822889258319367e-05
0717,9.81090911888174e-05
1532,9.802400528770704e-05
2189,9.785685040376307e-05
1017,9.77980551737916e-05
0289,9.779055676442575e-05
1401,9.778408257700173e-05
2481,9.777080951662521e-05
2602,9.768979203381397e-05
2753,9.759328940514598e-05
1455,9.758959960492592e-05
1668,9.753301068126237e-05
0375,9.73889583345536e-05
1136,9.73227399256185e-05
3116,9.728493503262706e-05
0326,9.717466332820911e-05
0959,9.704678052250918e-05
3024,9.702490058695744e-05
1185,9.692994332884626e-05
3055,9.689297104046689e-05
0964,9.673958248442301e-05
1472,9.658925823104413e-05
0359,9.656044988018433e-05
0917,9.65487681209286e-05
0976,9.647658748017948e-05
2077,9.637306611152418e-05
2809,9.63730417457248e-05
2723,9.631435654610453e-05
1634,9.626351418512138e-05
3062,9.614284625146321e-05
1462,9.611594761516499e-05
1388,9.597260226943988e-05
0662,9.59439389642116e-05
2330,9.594359277708336e-05
2565,9.58773690385258e-05
0532,9.581670444489964e-05
0622,9.573842455333302e-05
1043,9.566594927760752e-05
1951,9.566594927760752e-05
0061,9.554332211816582e-05
1632,9.55023506060159e-05
1382,9.548533068940769e-05
1233,9.54811263334598e-05
2226,9.546036490374676e-05
2252,9.53261190909494e-05
2707,9.53194934922612e-05
0915,9.531020065947548e-05
1214,9.523453187737789e-05
0148,9.517875396185014e-05
0898,9.50314743879182e-05
1898,9.500712266710612e-05
1123,9.49575601686404e-05
0605,9.478730356817956e-05
1570,9.464018956943245e-05
0588,9.464018956943245e-05
2308,9.453957603441682e-05
2777,9.453957603441682e-05
1976,9.453957603441682e-05
0988,9.446826012052319e-05
2774,9.445668528985541e-05
0194,9.429777650141243e-05
2127,9.422058818326211e-05
0971,9.422058818326211e-05
2907,9.404728010687844e-05
1281,9.402714429065646e-05
1321,9.39255299588668e-05
1564,9.391676266352306e-05
0405,9.390266512549836e-05
1869,9.389130405830742e-05
2902,9.385425292872049e-05
2609,9.383520726523614e-05
1754,9.377391462793116e-05
2088,9.368092778195997e-05
0204,9.360890397198151e-05
1145,9.357015330552896e-05
0557,9.351930566954122e-05
0669,9.349245879263881e-05
0156,9.343959238240489e-05
0241,9.325427226634201e-05
0974,9.316224100748133e-05
2794,9.313694191461785e-05
0691,9.313266294258438e-05
0637,9.303736342704017e-05
0456,9.294087522359656e-05
0293,9.28865889237368e-05
2660,9.28865889237368e-05
1867,9.28865889237368e-05
1664,9.28865889237368e-05
2153,9.277855444172404e-05
0762,9.277428417372945e-05
1469,9.271938074364034e-05
2181,9.264913666101863e-05
2204,9.264386250144947e-05
2459,9.25726288308834e-05
2668,9.256283727242153e-05
0141,9.251876884276217e-05
1243,9.250162049770336e-05
2948,9.249716754469102e-05
2528,9.244832239626183e-05
1005,9.238526186172697e-05
1010,9.234670520509485e-05
0683,9.223684538596418e-05
2614,9.223605748012178e-05
1756,9.216644646852147e-05
0973,9.194517920729426e-05
0865,9.181986824118249e-05
2016,9.181982201811068e-05
1661,9.180702077257909e-05
1188,9.180473846333713e-05
2606,9.179929233999682e-05
1322,9.175388641002912e-05
0025,9.172107147725917e-05
0902,9.16857719492854e-05
2686,9.165159008002153e-05
1241,9.161804631380245e-05
3123,9.160686480041778e-05
0948,9.157546025579134e-05
0940,9.15551021241514e-05
2904,9.151842603889125e-05
2023,9.151842603889125e-05
2960,9.151273760078208e-05
2499,9.140999284477734e-05
0271,9.139235006017722e-05
0363,9.135666918891061e-05
1677,9.132445252163775e-05
2033,9.130401784207204e-05
0248,9.125335044166363e-05
2546,9.12314887785744e-05
3017,9.121155633589576e-05
2064,9.115065025535696e-05
1644,9.114557473368009e-05
1502,9.11057020834148e-05
1021,9.106820742073703e-05
0062,9.096245071934974e-05
2936,9.0955244258483e-05
1859,9.09367234335674e-05
2990,9.08825969426784e-05
0292,9.085265761302717e-05
2080,9.083371061549522e-05
2492,9.080255798353241e-05
2455,9.074761327202063e-05
2443,9.074761327202063e-05
0234,9.074761327202063e-05
3107,9.074761327202063e-05
2180,9.071199249316165e-05
1035,9.061696039712221e-05
2955,9.061517228441776e-05
0439,9.056604639650061e-05
1842,9.044729742276576e-05
0125,9.028972437133423e-05
3125,8.992306784453733e-05
3029,8.988790493634242e-05
0398,8.987946045534146e-05
2985,8.984786839834861e-05
1591,8.981384808753325e-05
2566,8.981384808753325e-05
2836,8.980904942947293e-05
1377,8.968039909905035e-05
0688,8.96058011885287e-05
2454,8.954905172689645e-05
2673,8.939573833242376e-05
1448,8.938230856895688e-05
0822,8.938230856895688e-05
2848,8.936676619392426e-05
0463,8.922897437632238e-05
3102,8.922652707457732e-05
1229,8.921918122655763e-05
0164,8.918070311347799e-05
0977,8.9096060375099e-05
0488,8.905505067954687e-05
0336,8.899019409655114e-05
1489,8.881210957207945e-05
3059,8.879805694142134e-05
1537,8.876298408944824e-05
2553,8.873918688423845e-05
1162,8.8657395290628e-05
0887,8.86239685095189e-05
2584,8.86070177455845e-05
1839,8.847591922064349e-05
2070,8.846968779812611e-05
2737,8.846382212129768e-05
1303,8.845722278726388e-05
1266,8.840727979910165e-05
0310,8.83121802449785e-05
0264,8.830064412823936e-05
0906,8.816261417353621e-05
0597,8.814094476113993e-05
1613,8.813887433250966e-05
0208,8.811129524540255e-05
1940,8.803645511305431e-05
2042,8.801236827176692e-05
1269,8.799847709979554e-05
2776,8.794929029878708e-05
0420,8.792372666130549e-05
1658,8.785475008453363e-05
2182,8.777186340165591e-05
2056,8.774616707080941e-05
0569,8.774616707080941e-05
2767,8.774616707080941e-05
2392,8.774616707080941e-05
2411,8.774222907605712e-05
2242,8.774222907605712e-05
0985,8.773113738663922e-05
0812,8.772099580940093e-05
0163,8.765311224871321e-05
2373,8.74582956999914e-05
2531,8.740170780783006e-05
2813,8.733290346298942e-05
2847,8.72478418216303e-05
1605,8.721952516674965e-05
0965,8.701246286120515e-05
1078,8.69789944168522e-05
2645,8.69789944168522e-05
1862,8.684174614386061e-05
0503,8.684166654773865e-05
2359,8.684001574591388e-05
1175,8.666790933030684e-05
0684,8.65954553448702e-05
1673,8.656705385207334e-05
2310,8.651681063866199e-05
2309,8.651544253558405e-05
2574,8.637645576720576e-05
0233,8.635446865002476e-05
1970,8.634383411630391e-05
2138,8.629486603947817e-05
2236,8.622204578123265e-05
1481,8.61951041624324e-05
0219,8.613177952987479e-05
2844,8.612146625384707e-05
2382,8.610838596252942e-05
2402,8.606135602208905e-05
1682,8.584632564281021e-05
0787,8.582601532399732e-05
1357,8.580240885279789e-05
0952,8.569886068201373e-05
1540,8.568262304781292e-05
3004,8.564762325971569e-05
1519,8.559570480277437e-05
0269,8.55014825126283e-05
0021,8.547945938359972e-05
0642,8.543116521948271e-05
3050,8.526290300140166e-05
1479,8.521144441173253e-05
0108,8.513511316731007e-05
1495,8.492555740852476e-05
1345,8.492555740852476e-05
3011,8.489561612443708e-05
0958,8.48812126701732e-05
2147,8.484801977199578e-05
2859,8.483642043966808e-05
1504,8.481350655372764e-05
2641,8.465151413719049e-05
1456,8.46307444320745e-05
2944,8.459289678469626e-05
0870,8.453043404719197e-05
2502,8.453032503524224e-05
0693,8.443740440965457e-05
2122,8.426641651124528e-05
1154,8.426581303339875e-05
0840,8.426581303339875e-05
1639,8.426581303339875e-05
2529,8.422368965879471e-05
1200,8.41540567165585e-05
2026,8.41382936774139e-05
1477,8.412917893214031e-05
0276,8.405722127042645e-05
2265,8.394567965352078e-05
0415,8.385933213101674e-05
0710,8.36992264450697e-05
2196,8.368698820309043e-05
1507,8.356005185752518e-05
2879,8.354969457294568e-05
2540,8.350512902964466e-05
0991,8.337543489662371e-05
1267,8.324298687101937e-05
2151,8.320986971536366e-05
2558,8.320179743637356e-05
2551,8.316673144132501e-05
2258,8.316673144132501e-05
1864,8.314932640532483e-05
2610,8.311156651993529e-05
1191,8.310338830938159e-05
0922,8.306381629228236e-05
1464,8.298925120105033e-05
2756,8.291846899294815e-05
0749,8.2895217014974e-05
1536,8.284323354508065e-05
0931,8.2674352637013e-05
1595,8.261171231858649e-05
0910,8.251647165161333e-05
3037,8.242493096433867e-05
1799,8.236160811035483e-05
1085,8.235721776309895e-05
1061,8.230800670414725e-05
1973,8.230597936593928e-05
1169,8.228430670835897e-05
2564,8.225798689364747e-05
1819,8.220022594528396e-05
1378,8.216861701836281e-05
0111,8.214817464053776e-05
0591,8.213884153588649e-05
1569,8.212650528812923e-05
0997,8.207474325296219e-05
1713,8.201557177406164e-05
2020,8.184012599457357e-05
1403,8.16707097760465e-05
0237,8.131204182601772e-05
0084,8.121878319766114e-05
0606,8.121878319766114e-05
0196,8.116378328661413e-05
1084,8.114548820168849e-05
0733,8.107615261975914e-05
2223,8.101947557546729e-05
2048,8.09322323254782e-05
1719,8.089549496395344e-05
0201,8.062631903317657e-05
2358,8.058019518613825e-05
0967,8.048337222777021e-05
2700,8.040117031178588e-05
1822,8.039739102248515e-05
2521,8.033331972298923e-05
1210,8.02931137090009e-05
0017,8.02670049161927e-05
2895,8.013984459241197e-05
2024,8.012863306279566e-05
1138,8.004485899354186e-05
1406,8.002903610270851e-05
0515,7.997223125830859e-05
1297,7.994576108188612e-05
2699,7.99185286634061e-05
0182,7.983541833476621e-05
1272,7.9785563502434e-05
1848,7.972759118415627e-05
0584,7.972109284743694e-05
1610,7.956514214947148e-05
0878,7.949348869342659e-05
2951,7.913774211994518e-05
0556,7.91014648686453e-05
2504,7.898187790281389e-05
1259,7.890053817325156e-05
0768,7.883986461216922e-05
2979,7.882588442696746e-05
0267,7.861854286379145e-05
1483,7.844875458200644e-05
1609,7.831501833957844e-05
2228,7.826936604011446e-05
0224,7.800838511015716e-05
2440,7.798613732017462e-05
1846,7.796980969757139e-05
0239,7.78791694618354e-05
2897,7.78404094869118e-05
2238,7.783093210442109e-05
2835,7.769644529466506e-05
0544,7.767046062658788e-05
2135,7.762572883808123e-05
1787,7.712868960418624e-05
2021,7.704468129407591e-05
2537,7.695819593584534e-05
1133,7.692241779209751e-05
2287,7.6903840336998e-05
0409,7.6903840336998e-05
0362,7.6903840336998e-05
2427,7.6903840336998e-05
0027,7.6903840336998e-05
2783,7.6903840336998e-05
2074,7.6903840336998e-05
1189,7.688948670738257e-05
2627,7.682213012665142e-05
2855,7.65597752718809e-05
2040,7.654502438873789e-05
0676,7.647433375204275e-05
0453,7.630523718621654e-05
0836,7.624426125791675e-05
0731,7.585786473725324e-05
0849,7.579410947444534e-05
0469,7.579410947444534e-05
2219,7.579410947444534e-05
0068,7.579410947444534e-05
1134,7.579410947444534e-05
1579,7.579410947444534e-05
3085,7.579410947444534e-05
1184,7.578090987332131e-05
1662,7.577219210232875e-05
1724,7.575510508732763e-05
3049,7.550957298373102e-05
0357,7.531148055845975e-05
0492,7.531148055845975e-05
1674,7.531148055845975e-05
0320,7.531148055845975e-05
2816,7.531148055845975e-05
1160,7.531148055845975e-05
0130,7.531148055845975e-05
0639,7.531148055845975e-05
0927,7.531148055845975e-05
0753,7.531148055845975e-05
0159,7.531148055845975e-05
2800,7.531148055845975e-05
0581,7.531148055845975e-05
0324,7.531148055845975e-05
1112,7.531148055845975e-05
0853,7.531148055845975e-05
1533,7.531148055845975e-05
2739,7.531148055845975e-05
0433,7.531148055845975e-05
1343,7.531148055845975e-05
2187,7.531148055845975e-05
2305,7.531148055845975e-05
1355,7.511136717135214e-05
0520,7.423030570758917e-05
1039,7.418702709898704e-05
1555,7.418702709898704e-05
1080,7.418702709898704e-05
1114,7.418702709898704e-05
2520,7.418702709898704e-05
1218,7.418702709898704e-05
0257,7.418702709898704e-05
1283,7.418702709898704e-05
2352,7.418702709898704e-05
0095,7.41370223013748e-05
1344,7.403907558221448e-05
1337,7.381009633866918e-05
2654,7.377005251706223e-05
0039,7.325164069811783e-05
0109,7.32337505213254e-05
2561,7.308336932509899e-05
2901,7.281870732174071e-05
0983,7.260641752142613e-05
0034,7.222389152063209e-05
2293,7.222389152063209e-05
1299,7.222389152063209e-05
2702,7.222389152063209e-05
1482,7.222389152063209e-05
0909,7.222389152063209e-05
2755,7.222389152063209e-05
0372,7.222389152063209e-05
0736,7.222389152063209e-05
1011,7.219612026736325e-05
0538,7.219612026736325e-05
2594,7.219612026736325e-05
0957,7.219612026736325e-05
0966,7.219612026736325e-05
0102,7.219612026736325e-05
1919,7.219612026736325e-05
1737,7.219612026736325e-05
0138,7.219612026736325e-05
2451,7.219612026736325e-05
0575,7.219612026736325e-05
2853,7.219612026736325e-05
2687,7.219612026736325e-05
0502,7.219612026736325e-05
0484,7.219612026736325e-05
